<?xml version="1.0" encoding="UTF-8"?>
<!-- Generated by org.testng.reporters.JUnitReportReporter -->
<testsuite hostname="DESKTOP-5G4KM3U" failures="0" tests="4" name="com.qa.Testscripts.TC_PlaceOrder" time="6.772" errors="0" timestamp="2024-07-06T13:40:59 IST" skipped="0">
  <testcase classname="com.qa.Testscripts.TC_PlaceOrder" name="verifyPageTitle" time="0.016"/>
  <testcase classname="com.qa.Testscripts.TC_PlaceOrder" name="enterPaymentDetails" time="4.699"/>
  <testcase classname="com.qa.Testscripts.TC_PlaceOrder" name="verifyOrderPlaced" time="0.478"/>
  <testcase classname="com.qa.Testscripts.TC_PlaceOrder" name="downloadInvoice" time="1.579"/>
</testsuite> <!-- com.qa.Testscripts.TC_PlaceOrder -->
