<?xml version="1.0" encoding="UTF-8"?>
<!-- Generated by org.testng.reporters.JUnitReportReporter -->
<testsuite hostname="DESKTOP-5G4KM3U" failures="0" tests="2" name="com.qa.Testscripts.TC_Home" time="0.382" errors="0" timestamp="2024-07-06T13:40:59 IST" skipped="0">
  <testcase classname="com.qa.Testscripts.TC_Home" name="homeContentsVisible" time="0.037"/>
  <testcase classname="com.qa.Testscripts.TC_Home" name="beforeSignupLogin" time="0.345"/>
</testsuite> <!-- com.qa.Testscripts.TC_Home -->
