<?xml version="1.0" encoding="UTF-8"?>
<!-- Generated by org.testng.reporters.JUnitReportReporter -->
<testsuite hostname="DESKTOP-5G4KM3U" failures="0" tests="5" name="com.qa.Testscripts.TC_Checkout" time="5.750" errors="0" timestamp="2024-07-06T13:40:59 IST" skipped="0">
  <testcase classname="com.qa.Testscripts.TC_Checkout" name="verifyAddressDetails" time="0.718"/>
  <testcase classname="com.qa.Testscripts.TC_Checkout" name="goToCheckoutPage" time="1.818"/>
  <testcase classname="com.qa.Testscripts.TC_Checkout" name="verifyProdctDetails" time="0.615"/>
  <testcase classname="com.qa.Testscripts.TC_Checkout" name="addComments" time="0.575"/>
  <testcase classname="com.qa.Testscripts.TC_Checkout" name="goToPaymentPage" time="2.024"/>
</testsuite> <!-- com.qa.Testscripts.TC_Checkout -->
