<?xml version="1.0" encoding="UTF-8"?>
<!-- Generated by org.testng.reporters.JUnitReportReporter -->
<testsuite hostname="DESKTOP-5G4KM3U" failures="0" tests="4" name="com.qa.Testscripts.TC_Login" time="23.938" errors="0" timestamp="2024-07-06T13:40:59 IST" skipped="0">
  <testcase classname="com.qa.Testscripts.TC_Login" name="afterLogin" time="0.167"/>
  <testcase classname="com.qa.Testscripts.TC_Login" name="loginWithInvalidCredentials" time="2.616"/>
  <testcase classname="com.qa.Testscripts.TC_Login" name="signUpWithExistingCredentials" time="2.994"/>
  <testcase classname="com.qa.Testscripts.TC_Login" name="loginWithValidCredentials" time="18.161"/>
</testsuite> <!-- com.qa.Testscripts.TC_Login -->
