<?xml version="1.0" encoding="UTF-8"?>
<!-- Generated by org.testng.reporters.JUnitReportReporter -->
<testsuite hostname="DESKTOP-5G4KM3U" failures="0" tests="4" name="com.qa.Testscripts.TC_SignUp" time="43.326" errors="0" timestamp="2024-07-06T13:40:59 IST" skipped="0">
  <testcase classname="com.qa.Testscripts.TC_SignUp" name="afterSignup" time="15.895"/>
  <testcase classname="com.qa.Testscripts.TC_SignUp" name="signupLogout" time="2.796"/>
  <testcase classname="com.qa.Testscripts.TC_SignUp" name="accountCreated" time="2.496"/>
  <testcase classname="com.qa.Testscripts.TC_SignUp" name="signupWithNewUserCredentials" time="22.139"/>
</testsuite> <!-- com.qa.Testscripts.TC_SignUp -->
