<?xml version="1.0" encoding="UTF-8"?>
<!-- Generated by org.testng.reporters.JUnitReportReporter -->
<testsuite hostname="DESKTOP-5G4KM3U" failures="0" tests="1" name="com.qa.Testscripts.TC_HomePage" time="0.863" errors="0" timestamp="2024-05-26T01:19:56 IST" skipped="0">
  <testcase classname="com.qa.Testscripts.TC_HomePage" name="signIn" time="0.863"/>
  <system-out/>
</testsuite> <!-- com.qa.Testscripts.TC_HomePage -->
