<?xml version="1.0" encoding="UTF-8"?>
<!-- Generated by org.testng.reporters.JUnitReportReporter -->
<testsuite hostname="DESKTOP-5G4KM3U" failures="0" tests="6" name="com.qa.Testscripts.TC_AddingProductsToCart" time="34.244" errors="0" timestamp="2024-07-06T13:40:59 IST" skipped="0">
  <testcase classname="com.qa.Testscripts.TC_AddingProductsToCart" name="addToCartFromPLP" time="4.032"/>
  <testcase classname="com.qa.Testscripts.TC_AddingProductsToCart" name="verifyDetails" time="0.415"/>
  <testcase classname="com.qa.Testscripts.TC_AddingProductsToCart" name="goToProductDetailPage" time="2.817"/>
  <testcase classname="com.qa.Testscripts.TC_AddingProductsToCart" name="goToCartPage" time="1.923"/>
  <testcase classname="com.qa.Testscripts.TC_AddingProductsToCart" name="searchItem" time="0.394"/>
  <testcase classname="com.qa.Testscripts.TC_AddingProductsToCart" name="search" time="24.663"/>
</testsuite> <!-- com.qa.Testscripts.TC_AddingProductsToCart -->
